{"time":"2025-10-29T18:08:26.430082+08:00","level":"INFO","msg":"MySQL database connected successfully","host":"localhost","port":3306,"database":"base","max_open_conns":100,"max_idle_conns":10}
{"time":"2025-10-29T18:08:26.431672+08:00","level":"INFO","msg":"Redis cache connected successfully","host":"localhost","port":6379,"database":"0"}
{"time":"2025-10-29T18:08:26.431722+08:00","level":"INFO","msg":"Server started","addr":"0.0.0.0:8000"}
{"time":"2025-10-30T12:12:13.815505+08:00","level":"INFO","msg":"MySQL database connected successfully","host":"localhost","port":3306,"database":"base","max_open_conns":100,"max_idle_conns":10}
{"time":"2025-10-30T12:12:13.817582+08:00","level":"INFO","msg":"Redis cache connected successfully","host":"localhost","port":6379,"database":"0"}
{"time":"2025-10-30T12:12:13.817663+08:00","level":"INFO","msg":"MySQL connection pool stats","open_connections":1,"in_use":0,"idle":1,"wait_count":0,"wait_duration":0}
{"time":"2025-10-30T12:12:13.817994+08:00","level":"INFO","msg":"Redis connection pool stats","total_conns":4,"idle_conns":6}
{"time":"2025-10-30T12:12:13.818337+08:00","level":"INFO","msg":"App Core starting"}
{"time":"2025-10-30T12:12:13.818417+08:00","level":"INFO","msg":"Server started","addr":"0.0.0.0:8000"}
{"time":"2025-10-30T12:14:18.684427+08:00","level":"INFO","msg":"MySQL database connected successfully","host":"localhost","port":3306,"database":"base","max_open_conns":100,"max_idle_conns":10}
{"time":"2025-10-30T12:14:18.685809+08:00","level":"INFO","msg":"Redis cache connected successfully","host":"localhost","port":6379,"database":"0"}
{"time":"2025-10-30T12:14:18.685871+08:00","level":"INFO","msg":"MySQL connection pool stats","open_connections":1,"in_use":0,"idle":1,"wait_count":0,"wait_duration":0}
{"time":"2025-10-30T12:14:18.68634+08:00","level":"INFO","msg":"Redis connection pool stats","total_conns":3,"idle_conns":6}
{"time":"2025-10-30T12:14:18.686598+08:00","level":"INFO","msg":"App Core starting"}
{"time":"2025-10-30T12:14:18.686659+08:00","level":"INFO","msg":"Server started","addr":"0.0.0.0:8000"}
{"time":"2025-10-30T12:21:33.750266+08:00","level":"INFO","msg":"MySQL database connected successfully","host":"localhost","port":3306,"database":"base","max_open_conns":100,"max_idle_conns":10}
{"time":"2025-10-30T12:21:33.75151+08:00","level":"INFO","msg":"Redis cache connected successfully","host":"localhost","port":6379,"database":"0"}
{"time":"2025-10-30T12:21:33.751552+08:00","level":"INFO","msg":"MySQL connection pool stats","open_connections":1,"in_use":0,"idle":1,"wait_count":0,"wait_duration":0}
{"time":"2025-10-30T12:21:33.752066+08:00","level":"INFO","msg":"Redis connection pool stats","total_conns":3,"idle_conns":6}
{"time":"2025-10-30T12:21:33.752348+08:00","level":"INFO","msg":"App Core starting"}
{"time":"2025-10-30T12:21:33.752425+08:00","level":"INFO","msg":"Server started","addr":"0.0.0.0:8000"}
